<?xml version="1.0" encoding="UTF-8"?>
<!-- Generated by org.testng.reporters.JUnitXMLReporter -->
<testsuite ignored="0" hostname="jithu-PC" failures="0" tests="9" name="Default test" time="52.015" errors="0" timestamp="2024-03-22T14:40:25 GMT">
  <testcase classname="employer.AssignNewShiftTest" name="assignNewShiftTest1" time="11.593"/>
  <testcase classname="employer.AssignNewShiftTest" name="assignNewShiftTest1" time="3.198"/>
  <testcase classname="employer.AssignNewShiftTest" name="assignNewShiftTest1" time="3.278"/>
  <testcase classname="employer.AssignNewShiftTest" name="assignNewShiftTest1" time="3.253"/>
  <testcase classname="employer.AssignNewShiftTest" name="assignNewShiftTest1" time="3.943"/>
  <testcase classname="employer.AssignNewShiftTest" name="assignNewShiftTest1" time="9.57"/>
  <testcase classname="employer.AssignNewShiftTest" name="assignNewShiftTest1" time="3.772"/>
  <testcase classname="employer.AssignNewShiftTest" name="assignNewShiftTest1" time="3.701"/>
  <testcase classname="employer.AssignNewShiftTest" name="assignNewShiftTest1" time="6.068"/>
</testsuite> <!-- Default test -->
