<?xml version="1.0" encoding="UTF-8"?>
<testng-results ignored="0" total="9" passed="9" failed="0" skipped="0">
  <reporter-output>
  </reporter-output>
  <suite started-at="2024-03-22T14:39:33 GMT" name="Default suite" finished-at="2024-03-22T14:40:25 GMT" duration-ms="52015">
    <groups>
    </groups>
    <test started-at="2024-03-22T14:39:33 GMT" name="Default test" finished-at="2024-03-22T14:40:25 GMT" duration-ms="52015">
      <class name="employer.AssignNewShiftTest">
        <test-method is-config="true" signature="launchBrowser1()[pri:0, instance:employer.AssignNewShiftTest@47af7f3d]" started-at="2024-03-22T14:39:33 GMT" name="launchBrowser1" finished-at="2024-03-22T14:39:36 GMT" duration-ms="3208" status="PASS">
          <reporter-output>
          </reporter-output>
        </test-method> <!-- launchBrowser1 -->
        <test-method signature="assignNewShiftTest1(java.lang.String,java.lang.String,java.lang.String,java.lang.String,java.lang.String,java.lang.String,java.lang.String,java.lang.String)[pri:0, instance:employer.AssignNewShiftTest@47af7f3d]" started-at="2024-03-22T14:39:36 GMT" name="assignNewShiftTest1" data-provider="jobRole" finished-at="2024-03-22T14:39:48 GMT" duration-ms="11593" status="PASS">
          <params>
            <param index="0">
              <value>
                <![CDATA[Valid]]>
              </value>
            </param>
            <param index="1">
              <value>
                <![CDATA[Senior Carer]]>
              </value>
            </param>
            <param index="2">
              <value>
                <![CDATA[Deepak Panwar ( Northolt)]]>
              </value>
            </param>
            <param index="3">
              <value>
                <![CDATA[Flexiunit]]>
              </value>
            </param>
            <param index="4">
              <value>
                <![CDATA[Morning (08:00-14:00)]]>
              </value>
            </param>
            <param index="5">
              <value>
                <![CDATA[20]]>
              </value>
            </param>
            <param index="6">
              <value>
                <![CDATA[Valid]]>
              </value>
            </param>
            <param index="7">
              <value>
                <![CDATA[]]>
              </value>
            </param>
          </params>
          <reporter-output>
          </reporter-output>
        </test-method> <!-- assignNewShiftTest1 -->
        <test-method signature="assignNewShiftTest1(java.lang.String,java.lang.String,java.lang.String,java.lang.String,java.lang.String,java.lang.String,java.lang.String,java.lang.String)[pri:0, instance:employer.AssignNewShiftTest@47af7f3d]" started-at="2024-03-22T14:39:48 GMT" name="assignNewShiftTest1" data-provider="jobRole" finished-at="2024-03-22T14:39:51 GMT" duration-ms="3198" status="PASS">
          <params>
            <param index="0">
              <value>
                <![CDATA[Empty]]>
              </value>
            </param>
            <param index="1">
              <value>
                <![CDATA[Senior Carer]]>
              </value>
            </param>
            <param index="2">
              <value>
                <![CDATA[Deepak Panwar ( Northolt)]]>
              </value>
            </param>
            <param index="3">
              <value>
                <![CDATA[Flexiunit]]>
              </value>
            </param>
            <param index="4">
              <value>
                <![CDATA[Morning (08:00-14:00)]]>
              </value>
            </param>
            <param index="5">
              <value>
                <![CDATA[20]]>
              </value>
            </param>
            <param index="6">
              <value>
                <![CDATA[Invalid]]>
              </value>
            </param>
            <param index="7">
              <value>
                <![CDATA[please complete the form]]>
              </value>
            </param>
          </params>
          <reporter-output>
          </reporter-output>
        </test-method> <!-- assignNewShiftTest1 -->
        <test-method signature="assignNewShiftTest1(java.lang.String,java.lang.String,java.lang.String,java.lang.String,java.lang.String,java.lang.String,java.lang.String,java.lang.String)[pri:0, instance:employer.AssignNewShiftTest@47af7f3d]" started-at="2024-03-22T14:39:51 GMT" name="assignNewShiftTest1" data-provider="jobRole" finished-at="2024-03-22T14:39:55 GMT" duration-ms="3278" status="PASS">
          <params>
            <param index="0">
              <value>
                <![CDATA[Valid]]>
              </value>
            </param>
            <param index="1">
              <value>
                <![CDATA[]]>
              </value>
            </param>
            <param index="2">
              <value>
                <![CDATA[Deepak Panwar ( Northolt)]]>
              </value>
            </param>
            <param index="3">
              <value>
                <![CDATA[Flexiunit]]>
              </value>
            </param>
            <param index="4">
              <value>
                <![CDATA[Morning (08:00-14:00)]]>
              </value>
            </param>
            <param index="5">
              <value>
                <![CDATA[20]]>
              </value>
            </param>
            <param index="6">
              <value>
                <![CDATA[Invalid]]>
              </value>
            </param>
            <param index="7">
              <value>
                <![CDATA[please complete the form]]>
              </value>
            </param>
          </params>
          <reporter-output>
          </reporter-output>
        </test-method> <!-- assignNewShiftTest1 -->
        <test-method signature="assignNewShiftTest1(java.lang.String,java.lang.String,java.lang.String,java.lang.String,java.lang.String,java.lang.String,java.lang.String,java.lang.String)[pri:0, instance:employer.AssignNewShiftTest@47af7f3d]" started-at="2024-03-22T14:39:55 GMT" name="assignNewShiftTest1" data-provider="jobRole" finished-at="2024-03-22T14:39:58 GMT" duration-ms="3253" status="PASS">
          <params>
            <param index="0">
              <value>
                <![CDATA[Valid]]>
              </value>
            </param>
            <param index="1">
              <value>
                <![CDATA[Senior Carer]]>
              </value>
            </param>
            <param index="2">
              <value>
                <![CDATA[]]>
              </value>
            </param>
            <param index="3">
              <value>
                <![CDATA[Flexiunit]]>
              </value>
            </param>
            <param index="4">
              <value>
                <![CDATA[Morning (08:00-14:00)]]>
              </value>
            </param>
            <param index="5">
              <value>
                <![CDATA[20]]>
              </value>
            </param>
            <param index="6">
              <value>
                <![CDATA[Invalid]]>
              </value>
            </param>
            <param index="7">
              <value>
                <![CDATA[please complete the form]]>
              </value>
            </param>
          </params>
          <reporter-output>
          </reporter-output>
        </test-method> <!-- assignNewShiftTest1 -->
        <test-method signature="assignNewShiftTest1(java.lang.String,java.lang.String,java.lang.String,java.lang.String,java.lang.String,java.lang.String,java.lang.String,java.lang.String)[pri:0, instance:employer.AssignNewShiftTest@47af7f3d]" started-at="2024-03-22T14:39:58 GMT" name="assignNewShiftTest1" data-provider="jobRole" finished-at="2024-03-22T14:40:02 GMT" duration-ms="3943" status="PASS">
          <params>
            <param index="0">
              <value>
                <![CDATA[Valid]]>
              </value>
            </param>
            <param index="1">
              <value>
                <![CDATA[Senior Carer]]>
              </value>
            </param>
            <param index="2">
              <value>
                <![CDATA[Deepak Panwar ( Northolt)]]>
              </value>
            </param>
            <param index="3">
              <value>
                <![CDATA[select]]>
              </value>
            </param>
            <param index="4">
              <value>
                <![CDATA[Morning (08:00-14:00)]]>
              </value>
            </param>
            <param index="5">
              <value>
                <![CDATA[20]]>
              </value>
            </param>
            <param index="6">
              <value>
                <![CDATA[Invalid]]>
              </value>
            </param>
            <param index="7">
              <value>
                <![CDATA[please complete the form]]>
              </value>
            </param>
          </params>
          <reporter-output>
          </reporter-output>
        </test-method> <!-- assignNewShiftTest1 -->
        <test-method signature="assignNewShiftTest1(java.lang.String,java.lang.String,java.lang.String,java.lang.String,java.lang.String,java.lang.String,java.lang.String,java.lang.String)[pri:0, instance:employer.AssignNewShiftTest@47af7f3d]" started-at="2024-03-22T14:40:02 GMT" name="assignNewShiftTest1" data-provider="jobRole" finished-at="2024-03-22T14:40:11 GMT" duration-ms="9570" status="PASS">
          <params>
            <param index="0">
              <value>
                <![CDATA[Valid]]>
              </value>
            </param>
            <param index="1">
              <value>
                <![CDATA[Senior Carer]]>
              </value>
            </param>
            <param index="2">
              <value>
                <![CDATA[Deepak Panwar ( Northolt)]]>
              </value>
            </param>
            <param index="3">
              <value>
                <![CDATA[Flexiunit]]>
              </value>
            </param>
            <param index="4">
              <value>
                <![CDATA[ select shift Time]]>
              </value>
            </param>
            <param index="5">
              <value>
                <![CDATA[20]]>
              </value>
            </param>
            <param index="6">
              <value>
                <![CDATA[Invalid]]>
              </value>
            </param>
            <param index="7">
              <value>
                <![CDATA[please complete the form]]>
              </value>
            </param>
          </params>
          <reporter-output>
          </reporter-output>
        </test-method> <!-- assignNewShiftTest1 -->
        <test-method signature="assignNewShiftTest1(java.lang.String,java.lang.String,java.lang.String,java.lang.String,java.lang.String,java.lang.String,java.lang.String,java.lang.String)[pri:0, instance:employer.AssignNewShiftTest@47af7f3d]" started-at="2024-03-22T14:40:11 GMT" name="assignNewShiftTest1" data-provider="jobRole" finished-at="2024-03-22T14:40:15 GMT" duration-ms="3772" status="PASS">
          <params>
            <param index="0">
              <value>
                <![CDATA[Valid]]>
              </value>
            </param>
            <param index="1">
              <value>
                <![CDATA[Senior Carer]]>
              </value>
            </param>
            <param index="2">
              <value>
                <![CDATA[Deepak Panwar ( Northolt)]]>
              </value>
            </param>
            <param index="3">
              <value>
                <![CDATA[Flexiunit]]>
              </value>
            </param>
            <param index="4">
              <value>
                <![CDATA[Morning (08:00-14:00)]]>
              </value>
            </param>
            <param index="5">
              <value>
                <![CDATA[]]>
              </value>
            </param>
            <param index="6">
              <value>
                <![CDATA[Valid]]>
              </value>
            </param>
            <param index="7">
              <value>
                <![CDATA[please complete the form]]>
              </value>
            </param>
          </params>
          <reporter-output>
          </reporter-output>
        </test-method> <!-- assignNewShiftTest1 -->
        <test-method signature="assignNewShiftTest1(java.lang.String,java.lang.String,java.lang.String,java.lang.String,java.lang.String,java.lang.String,java.lang.String,java.lang.String)[pri:0, instance:employer.AssignNewShiftTest@47af7f3d]" started-at="2024-03-22T14:40:15 GMT" name="assignNewShiftTest1" data-provider="jobRole" finished-at="2024-03-22T14:40:19 GMT" duration-ms="3701" status="PASS">
          <params>
            <param index="0">
              <value>
                <![CDATA[Valid]]>
              </value>
            </param>
            <param index="1">
              <value>
                <![CDATA[Senior Carer]]>
              </value>
            </param>
            <param index="2">
              <value>
                <![CDATA[Deepak Panwar ( Northolt)]]>
              </value>
            </param>
            <param index="3">
              <value>
                <![CDATA[Flexiunit]]>
              </value>
            </param>
            <param index="4">
              <value>
                <![CDATA[Morning (08:00-14:00)]]>
              </value>
            </param>
            <param index="5">
              <value>
                <![CDATA[185]]>
              </value>
            </param>
            <param index="6">
              <value>
                <![CDATA[Invalid]]>
              </value>
            </param>
            <param index="7">
              <value>
                <![CDATA[Break time should be less than 180 minutes]]>
              </value>
            </param>
          </params>
          <reporter-output>
          </reporter-output>
        </test-method> <!-- assignNewShiftTest1 -->
        <test-method signature="assignNewShiftTest1(java.lang.String,java.lang.String,java.lang.String,java.lang.String,java.lang.String,java.lang.String,java.lang.String,java.lang.String)[pri:0, instance:employer.AssignNewShiftTest@47af7f3d]" started-at="2024-03-22T14:40:19 GMT" name="assignNewShiftTest1" data-provider="jobRole" finished-at="2024-03-22T14:40:25 GMT" duration-ms="6068" status="PASS">
          <params>
            <param index="0">
              <value>
                <![CDATA[AllocatedDate]]>
              </value>
            </param>
            <param index="1">
              <value>
                <![CDATA[Senior Carer]]>
              </value>
            </param>
            <param index="2">
              <value>
                <![CDATA[Deepak Panwar ( Northolt)]]>
              </value>
            </param>
            <param index="3">
              <value>
                <![CDATA[Flexiunit]]>
              </value>
            </param>
            <param index="4">
              <value>
                <![CDATA[Morning (08:00-14:00)]]>
              </value>
            </param>
            <param index="5">
              <value>
                <![CDATA[20]]>
              </value>
            </param>
            <param index="6">
              <value>
                <![CDATA[Invalid]]>
              </value>
            </param>
            <param index="7">
              <value>
                <![CDATA[You can't book this shift, You have already booked a shift on the same day or marked unavailable in the availability calendar]]>
              </value>
            </param>
          </params>
          <reporter-output>
          </reporter-output>
        </test-method> <!-- assignNewShiftTest1 -->
        <test-method is-config="true" signature="closeBrowser()[pri:0, instance:employer.AssignNewShiftTest@47af7f3d]" started-at="2024-03-22T14:40:25 GMT" name="closeBrowser" finished-at="2024-03-22T14:40:25 GMT" duration-ms="349" status="PASS">
          <reporter-output>
          </reporter-output>
        </test-method> <!-- closeBrowser -->
      </class> <!-- employer.AssignNewShiftTest -->
    </test> <!-- Default test -->
  </suite> <!-- Default suite -->
</testng-results>
